2016/12/08 17:17:24 [error] [exception.CException] CException: Property "SiteController.pageCaption" is not defined. in /mnt/code/yii1.1-test/framework/base/CComponent.php:173
Stack trace:
#0 /mnt/code/yii1.1-test/yii/themes/bootstrap/views/site/index.php(2): CComponent->__set('pageCaption', '')
#1 /mnt/code/yii1.1-test/framework/web/CBaseController.php(126): require('/mnt/code/yii1....')
#2 /mnt/code/yii1.1-test/framework/web/CBaseController.php(95): CBaseController->renderInternal('/mnt/code/yii1....', NULL, true)
#3 /mnt/code/yii1.1-test/framework/web/CController.php(869): CBaseController->renderFile('/mnt/code/yii1....', NULL, true)
#4 /mnt/code/yii1.1-test/framework/web/CController.php(782): CController->renderPartial('index', NULL, true)
#5 /mnt/code/yii1.1-test/yii/protected/controllers/SiteController.php(8): CController->render('index')
#6 /mnt/code/yii1.1-test/framework/web/actions/CInlineAction.php(49): SiteController->actionIndex()
#7 /mnt/code/yii1.1-test/framework/web/CController.php(308): CInlineAction->runWithParams(Array)
#8 /mnt/code/yii1.1-test/framework/web/CController.php(286): CController->runAction(Object(CInlineAction))
#9 /mnt/code/yii1.1-test/framework/web/CController.php(265): CController->runActionWithFilters(Object(CInlineAction), Array)
#10 /mnt/code/yii1.1-test/framework/web/CWebApplication.php(282): CController->run('index')
#11 /mnt/code/yii1.1-test/framework/web/CWebApplication.php(141): CWebApplication->runController('site/index')
#12 /mnt/code/yii1.1-test/framework/base/CApplication.php(184): CWebApplication->processRequest()
#13 /mnt/code/yii1.1-test/yii/index.php(12): CApplication->run()
#14 {main}
REQUEST_URI=/index.php?r=site/index
HTTP_REFERER=http://www.yii1.com/index.php?r=site/login
---
2016/12/08 17:18:23 [error] [exception.ParseError] ParseError: syntax error, unexpected '*', expecting function (T_FUNCTION) in /mnt/code/yii1.1-test/yii/protected/controllers/SiteController.php:72
Stack trace:
#0 /mnt/code/yii1.1-test/framework/web/CWebApplication.php(276): CWebApplication->createController('index/')
#1 /mnt/code/yii1.1-test/framework/web/CWebApplication.php(141): CWebApplication->runController('site/index')
#2 /mnt/code/yii1.1-test/framework/base/CApplication.php(184): CWebApplication->processRequest()
#3 /mnt/code/yii1.1-test/yii/index.php(12): CApplication->run()
#4 {main}
REQUEST_URI=/index.php?r=site/index
HTTP_REFERER=http://www.yii1.com/index.php?r=site/login
---
2016/12/08 17:19:06 [error] [exception.CException] CException: Property "SiteController.pageCaption" is not defined. in /mnt/code/yii1.1-test/framework/base/CComponent.php:173
Stack trace:
#0 /mnt/code/yii1.1-test/yii/themes/bootstrap/views/site/index.php(2): CComponent->__set('pageCaption', '')
#1 /mnt/code/yii1.1-test/framework/web/CBaseController.php(126): require('/mnt/code/yii1....')
#2 /mnt/code/yii1.1-test/framework/web/CBaseController.php(95): CBaseController->renderInternal('/mnt/code/yii1....', NULL, true)
#3 /mnt/code/yii1.1-test/framework/web/CController.php(869): CBaseController->renderFile('/mnt/code/yii1....', NULL, true)
#4 /mnt/code/yii1.1-test/framework/web/CController.php(782): CController->renderPartial('index', NULL, true)
#5 /mnt/code/yii1.1-test/yii/protected/controllers/SiteController.php(8): CController->render('index')
#6 /mnt/code/yii1.1-test/framework/web/actions/CInlineAction.php(49): SiteController->actionIndex()
#7 /mnt/code/yii1.1-test/framework/web/CController.php(308): CInlineAction->runWithParams(Array)
#8 /mnt/code/yii1.1-test/framework/web/CController.php(286): CController->runAction(Object(CInlineAction))
#9 /mnt/code/yii1.1-test/framework/web/CController.php(265): CController->runActionWithFilters(Object(CInlineAction), Array)
#10 /mnt/code/yii1.1-test/framework/web/CWebApplication.php(282): CController->run('index')
#11 /mnt/code/yii1.1-test/framework/web/CWebApplication.php(141): CWebApplication->runController('site/index')
#12 /mnt/code/yii1.1-test/framework/base/CApplication.php(184): CWebApplication->processRequest()
#13 /mnt/code/yii1.1-test/yii/index.php(12): CApplication->run()
#14 {main}
REQUEST_URI=/index.php?r=site/index
HTTP_REFERER=http://www.yii1.com/index.php?r=site/login
---
2016/12/08 17:19:35 [error] [exception.CException] CException: Property "SiteController.pageCaption" is not defined. in /mnt/code/yii1.1-test/framework/base/CComponent.php:173
Stack trace:
#0 /mnt/code/yii1.1-test/yii/themes/bootstrap/views/site/index.php(2): CComponent->__set('pageCaption', '')
#1 /mnt/code/yii1.1-test/framework/web/CBaseController.php(126): require('/mnt/code/yii1....')
#2 /mnt/code/yii1.1-test/framework/web/CBaseController.php(95): CBaseController->renderInternal('/mnt/code/yii1....', NULL, true)
#3 /mnt/code/yii1.1-test/framework/web/CController.php(869): CBaseController->renderFile('/mnt/code/yii1....', NULL, true)
#4 /mnt/code/yii1.1-test/framework/web/CController.php(782): CController->renderPartial('index', NULL, true)
#5 /mnt/code/yii1.1-test/yii/protected/controllers/SiteController.php(8): CController->render('index')
#6 /mnt/code/yii1.1-test/framework/web/actions/CInlineAction.php(49): SiteController->actionIndex()
#7 /mnt/code/yii1.1-test/framework/web/CController.php(308): CInlineAction->runWithParams(Array)
#8 /mnt/code/yii1.1-test/framework/web/CController.php(286): CController->runAction(Object(CInlineAction))
#9 /mnt/code/yii1.1-test/framework/web/CController.php(265): CController->runActionWithFilters(Object(CInlineAction), Array)
#10 /mnt/code/yii1.1-test/framework/web/CWebApplication.php(282): CController->run('index')
#11 /mnt/code/yii1.1-test/framework/web/CWebApplication.php(141): CWebApplication->runController('site/index')
#12 /mnt/code/yii1.1-test/framework/base/CApplication.php(184): CWebApplication->processRequest()
#13 /mnt/code/yii1.1-test/yii/index.php(12): CApplication->run()
#14 {main}
REQUEST_URI=/index.php?r=site/index
HTTP_REFERER=http://www.yii1.com/index.php?r=site/login
---
2016/12/08 17:19:53 [error] [exception.CException] CException: Property "SiteController.pageCaption" is not defined. in /mnt/code/yii1.1-test/framework/base/CComponent.php:173
Stack trace:
#0 /mnt/code/yii1.1-test/yii/themes/bootstrap/views/site/index.php(2): CComponent->__set('pageCaption', '')
#1 /mnt/code/yii1.1-test/framework/web/CBaseController.php(126): require('/mnt/code/yii1....')
#2 /mnt/code/yii1.1-test/framework/web/CBaseController.php(95): CBaseController->renderInternal('/mnt/code/yii1....', NULL, true)
#3 /mnt/code/yii1.1-test/framework/web/CController.php(869): CBaseController->renderFile('/mnt/code/yii1....', NULL, true)
#4 /mnt/code/yii1.1-test/framework/web/CController.php(782): CController->renderPartial('index', NULL, true)
#5 /mnt/code/yii1.1-test/yii/protected/controllers/SiteController.php(8): CController->render('index')
#6 /mnt/code/yii1.1-test/framework/web/actions/CInlineAction.php(49): SiteController->actionIndex()
#7 /mnt/code/yii1.1-test/framework/web/CController.php(308): CInlineAction->runWithParams(Array)
#8 /mnt/code/yii1.1-test/framework/web/CController.php(286): CController->runAction(Object(CInlineAction))
#9 /mnt/code/yii1.1-test/framework/web/CController.php(265): CController->runActionWithFilters(Object(CInlineAction), Array)
#10 /mnt/code/yii1.1-test/framework/web/CWebApplication.php(282): CController->run('index')
#11 /mnt/code/yii1.1-test/framework/web/CWebApplication.php(141): CWebApplication->runController('site/index')
#12 /mnt/code/yii1.1-test/framework/base/CApplication.php(184): CWebApplication->processRequest()
#13 /mnt/code/yii1.1-test/yii/index.php(12): CApplication->run()
#14 {main}
REQUEST_URI=/index.php?r=site/index
HTTP_REFERER=http://www.yii1.com/index.php?r=site/login
---
2016/12/08 17:22:11 [error] [exception.CException] CException: Property "SiteController.pageCaption" is not defined. in /mnt/code/yii1.1-test/framework/base/CComponent.php:173
Stack trace:
#0 /mnt/code/yii1.1-test/yii/themes/bootstrap/views/site/index.php(2): CComponent->__set('pageCaption', '')
#1 /mnt/code/yii1.1-test/framework/web/CBaseController.php(126): require('/mnt/code/yii1....')
#2 /mnt/code/yii1.1-test/framework/web/CBaseController.php(95): CBaseController->renderInternal('/mnt/code/yii1....', NULL, true)
#3 /mnt/code/yii1.1-test/framework/web/CController.php(869): CBaseController->renderFile('/mnt/code/yii1....', NULL, true)
#4 /mnt/code/yii1.1-test/framework/web/CController.php(782): CController->renderPartial('index', NULL, true)
#5 /mnt/code/yii1.1-test/yii/protected/controllers/SiteController.php(8): CController->render('index')
#6 /mnt/code/yii1.1-test/framework/web/actions/CInlineAction.php(49): SiteController->actionIndex()
#7 /mnt/code/yii1.1-test/framework/web/CController.php(308): CInlineAction->runWithParams(Array)
#8 /mnt/code/yii1.1-test/framework/web/CController.php(286): CController->runAction(Object(CInlineAction))
#9 /mnt/code/yii1.1-test/framework/web/CController.php(265): CController->runActionWithFilters(Object(CInlineAction), Array)
#10 /mnt/code/yii1.1-test/framework/web/CWebApplication.php(282): CController->run('index')
#11 /mnt/code/yii1.1-test/framework/web/CWebApplication.php(141): CWebApplication->runController('site/index')
#12 /mnt/code/yii1.1-test/framework/base/CApplication.php(184): CWebApplication->processRequest()
#13 /mnt/code/yii1.1-test/yii/index.php(12): CApplication->run()
#14 {main}
REQUEST_URI=/index.php?r=site/index
HTTP_REFERER=http://www.yii1.com/index.php?r=site/login
---
2016/12/08 17:22:31 [error] [exception.CException] CException: Property "SiteController.pageCaption" is not defined. in /mnt/code/yii1.1-test/framework/base/CComponent.php:130
Stack trace:
#0 /mnt/code/yii1.1-test/yii/themes/bootstrap/views/layouts/column1.php(4): CComponent->__get('pageCaption')
#1 /mnt/code/yii1.1-test/framework/web/CBaseController.php(126): require('/mnt/code/yii1....')
#2 /mnt/code/yii1.1-test/framework/web/CBaseController.php(95): CBaseController->renderInternal('/mnt/code/yii1....', Array, true)
#3 /mnt/code/yii1.1-test/framework/web/CController.php(784): CBaseController->renderFile('/mnt/code/yii1....', Array, true)
#4 /mnt/code/yii1.1-test/yii/protected/controllers/SiteController.php(8): CController->render('index')
#5 /mnt/code/yii1.1-test/framework/web/actions/CInlineAction.php(49): SiteController->actionIndex()
#6 /mnt/code/yii1.1-test/framework/web/CController.php(308): CInlineAction->runWithParams(Array)
#7 /mnt/code/yii1.1-test/framework/web/CController.php(286): CController->runAction(Object(CInlineAction))
#8 /mnt/code/yii1.1-test/framework/web/CController.php(265): CController->runActionWithFilters(Object(CInlineAction), Array)
#9 /mnt/code/yii1.1-test/framework/web/CWebApplication.php(282): CController->run('index')
#10 /mnt/code/yii1.1-test/framework/web/CWebApplication.php(141): CWebApplication->runController('site/index')
#11 /mnt/code/yii1.1-test/framework/base/CApplication.php(184): CWebApplication->processRequest()
#12 /mnt/code/yii1.1-test/yii/index.php(12): CApplication->run()
#13 {main}
REQUEST_URI=/index.php?r=site/index
HTTP_REFERER=http://www.yii1.com/index.php?r=site/login
---
2016/12/08 17:22:50 [error] [exception.CException] CException: Property "SiteController.pageCaption" is not defined. in /mnt/code/yii1.1-test/framework/base/CComponent.php:130
Stack trace:
#0 /mnt/code/yii1.1-test/yii/themes/bootstrap/views/layouts/column1.php(4): CComponent->__get('pageCaption')
#1 /mnt/code/yii1.1-test/framework/web/CBaseController.php(126): require('/mnt/code/yii1....')
#2 /mnt/code/yii1.1-test/framework/web/CBaseController.php(95): CBaseController->renderInternal('/mnt/code/yii1....', Array, true)
#3 /mnt/code/yii1.1-test/framework/web/CController.php(784): CBaseController->renderFile('/mnt/code/yii1....', Array, true)
#4 /mnt/code/yii1.1-test/yii/protected/controllers/SiteController.php(8): CController->render('index')
#5 /mnt/code/yii1.1-test/framework/web/actions/CInlineAction.php(49): SiteController->actionIndex()
#6 /mnt/code/yii1.1-test/framework/web/CController.php(308): CInlineAction->runWithParams(Array)
#7 /mnt/code/yii1.1-test/framework/web/CController.php(286): CController->runAction(Object(CInlineAction))
#8 /mnt/code/yii1.1-test/framework/web/CController.php(265): CController->runActionWithFilters(Object(CInlineAction), Array)
#9 /mnt/code/yii1.1-test/framework/web/CWebApplication.php(282): CController->run('index')
#10 /mnt/code/yii1.1-test/framework/web/CWebApplication.php(141): CWebApplication->runController('site/index')
#11 /mnt/code/yii1.1-test/framework/base/CApplication.php(184): CWebApplication->processRequest()
#12 /mnt/code/yii1.1-test/yii/index.php(12): CApplication->run()
#13 {main}
REQUEST_URI=/index.php?r=site/index
HTTP_REFERER=http://www.yii1.com/index.php?r=site/login
---
2016/12/08 17:23:27 [error] [exception.CException] CException: Property "SiteController.pageCaption" is not defined. in /mnt/code/yii1.1-test/framework/base/CComponent.php:130
Stack trace:
#0 /mnt/code/yii1.1-test/yii/themes/bootstrap/views/layouts/column1.php(4): CComponent->__get('pageCaption')
#1 /mnt/code/yii1.1-test/framework/web/CBaseController.php(126): require('/mnt/code/yii1....')
#2 /mnt/code/yii1.1-test/framework/web/CBaseController.php(95): CBaseController->renderInternal('/mnt/code/yii1....', Array, true)
#3 /mnt/code/yii1.1-test/framework/web/CController.php(784): CBaseController->renderFile('/mnt/code/yii1....', Array, true)
#4 /mnt/code/yii1.1-test/yii/protected/controllers/SiteController.php(8): CController->render('index')
#5 /mnt/code/yii1.1-test/framework/web/actions/CInlineAction.php(49): SiteController->actionIndex()
#6 /mnt/code/yii1.1-test/framework/web/CController.php(308): CInlineAction->runWithParams(Array)
#7 /mnt/code/yii1.1-test/framework/web/CController.php(286): CController->runAction(Object(CInlineAction))
#8 /mnt/code/yii1.1-test/framework/web/CController.php(265): CController->runActionWithFilters(Object(CInlineAction), Array)
#9 /mnt/code/yii1.1-test/framework/web/CWebApplication.php(282): CController->run('index')
#10 /mnt/code/yii1.1-test/framework/web/CWebApplication.php(141): CWebApplication->runController('site/index')
#11 /mnt/code/yii1.1-test/framework/base/CApplication.php(184): CWebApplication->processRequest()
#12 /mnt/code/yii1.1-test/yii/index.php(12): CApplication->run()
#13 {main}
REQUEST_URI=/index.php?r=site/index
HTTP_REFERER=http://www.yii1.com/index.php?r=site/login
---
2016/12/08 17:26:34 [error] [exception.CException] CException: Property "SiteController.pageCaption" is not defined. in /mnt/code/yii1.1-test/framework/base/CComponent.php:130
Stack trace:
#0 /mnt/code/yii1.1-test/yii/themes/bootstrap/views/layouts/column1.php(4): CComponent->__get('pageCaption')
#1 /mnt/code/yii1.1-test/framework/web/CBaseController.php(126): require('/mnt/code/yii1....')
#2 /mnt/code/yii1.1-test/framework/web/CBaseController.php(95): CBaseController->renderInternal('/mnt/code/yii1....', Array, true)
#3 /mnt/code/yii1.1-test/framework/web/CController.php(784): CBaseController->renderFile('/mnt/code/yii1....', Array, true)
#4 /mnt/code/yii1.1-test/yii/protected/controllers/SiteController.php(8): CController->render('index')
#5 /mnt/code/yii1.1-test/framework/web/actions/CInlineAction.php(49): SiteController->actionIndex()
#6 /mnt/code/yii1.1-test/framework/web/CController.php(308): CInlineAction->runWithParams(Array)
#7 /mnt/code/yii1.1-test/framework/web/CController.php(286): CController->runAction(Object(CInlineAction))
#8 /mnt/code/yii1.1-test/framework/web/CController.php(265): CController->runActionWithFilters(Object(CInlineAction), Array)
#9 /mnt/code/yii1.1-test/framework/web/CWebApplication.php(282): CController->run('index')
#10 /mnt/code/yii1.1-test/framework/web/CWebApplication.php(141): CWebApplication->runController('site/index')
#11 /mnt/code/yii1.1-test/framework/base/CApplication.php(184): CWebApplication->processRequest()
#12 /mnt/code/yii1.1-test/yii/index.php(12): CApplication->run()
#13 {main}
REQUEST_URI=/index.php?r=site/index
HTTP_REFERER=http://www.yii1.com/index.php?r=site/login
---
2016/12/08 17:27:45 [error] [exception.CException] CException: Alias "bootstrap.widgets.TbButton" is invalid. Make sure it points to an existing PHP file and the file is readable. in /mnt/code/yii1.1-test/framework/YiiBase.php:323
Stack trace:
#0 /mnt/code/yii1.1-test/framework/web/CWidgetFactory.php(146): YiiBase::import('bootstrap.widge...', true)
#1 /mnt/code/yii1.1-test/framework/web/CBaseController.php(146): CWidgetFactory->createWidget(Object(SiteController), 'bootstrap.widge...', Array)
#2 /mnt/code/yii1.1-test/framework/web/CBaseController.php(180): CBaseController->createWidget('bootstrap.widge...', Array)
#3 /mnt/code/yii1.1-test/yii/themes/bootstrap/views/site/index.php(10): CBaseController->widget('bootstrap.widge...', Array)
#4 /mnt/code/yii1.1-test/framework/web/CBaseController.php(126): require('/mnt/code/yii1....')
#5 /mnt/code/yii1.1-test/framework/web/CBaseController.php(95): CBaseController->renderInternal('/mnt/code/yii1....', NULL, true)
#6 /mnt/code/yii1.1-test/framework/web/CController.php(869): CBaseController->renderFile('/mnt/code/yii1....', NULL, true)
#7 /mnt/code/yii1.1-test/framework/web/CController.php(782): CController->renderPartial('index', NULL, true)
#8 /mnt/code/yii1.1-test/yii/protected/controllers/SiteController.php(8): CController->render('index')
#9 /mnt/code/yii1.1-test/framework/web/actions/CInlineAction.php(49): SiteController->actionIndex()
#10 /mnt/code/yii1.1-test/framework/web/CController.php(308): CInlineAction->runWithParams(Array)
#11 /mnt/code/yii1.1-test/framework/web/CController.php(286): CController->runAction(Object(CInlineAction))
#12 /mnt/code/yii1.1-test/framework/web/CController.php(265): CController->runActionWithFilters(Object(CInlineAction), Array)
#13 /mnt/code/yii1.1-test/framework/web/CWebApplication.php(282): CController->run('index')
#14 /mnt/code/yii1.1-test/framework/web/CWebApplication.php(141): CWebApplication->runController('site/index')
#15 /mnt/code/yii1.1-test/framework/base/CApplication.php(184): CWebApplication->processRequest()
#16 /mnt/code/yii1.1-test/yii/index.php(12): CApplication->run()
#17 {main}
REQUEST_URI=/index.php?r=site/index
HTTP_REFERER=http://www.yii1.com/index.php?r=site/login
---
2016/12/08 17:30:25 [error] [exception.CException] CException: Alias "bootstrap.widgets.TbButton" is invalid. Make sure it points to an existing PHP file and the file is readable. in /mnt/code/yii1.1-test/framework/YiiBase.php:323
Stack trace:
#0 /mnt/code/yii1.1-test/framework/web/CWidgetFactory.php(146): YiiBase::import('bootstrap.widge...', true)
#1 /mnt/code/yii1.1-test/framework/web/CBaseController.php(146): CWidgetFactory->createWidget(Object(SiteController), 'bootstrap.widge...', Array)
#2 /mnt/code/yii1.1-test/framework/web/CBaseController.php(180): CBaseController->createWidget('bootstrap.widge...', Array)
#3 /mnt/code/yii1.1-test/yii/themes/bootstrap/views/site/index.php(11): CBaseController->widget('bootstrap.widge...', Array)
#4 /mnt/code/yii1.1-test/framework/web/CBaseController.php(126): require('/mnt/code/yii1....')
#5 /mnt/code/yii1.1-test/framework/web/CBaseController.php(95): CBaseController->renderInternal('/mnt/code/yii1....', NULL, true)
#6 /mnt/code/yii1.1-test/framework/web/CController.php(869): CBaseController->renderFile('/mnt/code/yii1....', NULL, true)
#7 /mnt/code/yii1.1-test/framework/web/CController.php(782): CController->renderPartial('index', NULL, true)
#8 /mnt/code/yii1.1-test/yii/protected/controllers/SiteController.php(8): CController->render('index')
#9 /mnt/code/yii1.1-test/framework/web/actions/CInlineAction.php(49): SiteController->actionIndex()
#10 /mnt/code/yii1.1-test/framework/web/CController.php(308): CInlineAction->runWithParams(Array)
#11 /mnt/code/yii1.1-test/framework/web/CController.php(286): CController->runAction(Object(CInlineAction))
#12 /mnt/code/yii1.1-test/framework/web/CController.php(265): CController->runActionWithFilters(Object(CInlineAction), Array)
#13 /mnt/code/yii1.1-test/framework/web/CWebApplication.php(282): CController->run('index')
#14 /mnt/code/yii1.1-test/framework/web/CWebApplication.php(141): CWebApplication->runController('site/index')
#15 /mnt/code/yii1.1-test/framework/base/CApplication.php(184): CWebApplication->processRequest()
#16 /mnt/code/yii1.1-test/yii/index.php(12): CApplication->run()
#17 {main}
REQUEST_URI=/index.php?r=site/index
HTTP_REFERER=http://www.yii1.com/index.php?r=site/login
---
2016/12/08 17:37:02 [error] [exception.CException] CException: Alias "bootstrap.widgets.TbButton" is invalid. Make sure it points to an existing PHP file and the file is readable. in /mnt/code/yii1.1-test/framework/YiiBase.php:323
Stack trace:
#0 /mnt/code/yii1.1-test/framework/web/CWidgetFactory.php(146): YiiBase::import('bootstrap.widge...', true)
#1 /mnt/code/yii1.1-test/framework/web/CBaseController.php(146): CWidgetFactory->createWidget(Object(SiteController), 'bootstrap.widge...', Array)
#2 /mnt/code/yii1.1-test/framework/web/CBaseController.php(180): CBaseController->createWidget('bootstrap.widge...', Array)
#3 /mnt/code/yii1.1-test/yii/themes/bootstrap/views/site/index.php(10): CBaseController->widget('bootstrap.widge...', Array)
#4 /mnt/code/yii1.1-test/framework/web/CBaseController.php(126): require('/mnt/code/yii1....')
#5 /mnt/code/yii1.1-test/framework/web/CBaseController.php(95): CBaseController->renderInternal('/mnt/code/yii1....', NULL, true)
#6 /mnt/code/yii1.1-test/framework/web/CController.php(869): CBaseController->renderFile('/mnt/code/yii1....', NULL, true)
#7 /mnt/code/yii1.1-test/framework/web/CController.php(782): CController->renderPartial('index', NULL, true)
#8 /mnt/code/yii1.1-test/yii/protected/controllers/SiteController.php(8): CController->render('index')
#9 /mnt/code/yii1.1-test/framework/web/actions/CInlineAction.php(49): SiteController->actionIndex()
#10 /mnt/code/yii1.1-test/framework/web/CController.php(308): CInlineAction->runWithParams(Array)
#11 /mnt/code/yii1.1-test/framework/web/CController.php(286): CController->runAction(Object(CInlineAction))
#12 /mnt/code/yii1.1-test/framework/web/CController.php(265): CController->runActionWithFilters(Object(CInlineAction), Array)
#13 /mnt/code/yii1.1-test/framework/web/CWebApplication.php(282): CController->run('index')
#14 /mnt/code/yii1.1-test/framework/web/CWebApplication.php(141): CWebApplication->runController('site/index')
#15 /mnt/code/yii1.1-test/framework/base/CApplication.php(184): CWebApplication->processRequest()
#16 /mnt/code/yii1.1-test/yii/index.php(12): CApplication->run()
#17 {main}
REQUEST_URI=/index.php?r=site/index
HTTP_REFERER=http://www.yii1.com/index.php?r=site/login
---
2016/12/08 17:37:03 [error] [exception.CException] CException: Alias "bootstrap.widgets.TbButton" is invalid. Make sure it points to an existing PHP file and the file is readable. in /mnt/code/yii1.1-test/framework/YiiBase.php:323
Stack trace:
#0 /mnt/code/yii1.1-test/framework/web/CWidgetFactory.php(146): YiiBase::import('bootstrap.widge...', true)
#1 /mnt/code/yii1.1-test/framework/web/CBaseController.php(146): CWidgetFactory->createWidget(Object(SiteController), 'bootstrap.widge...', Array)
#2 /mnt/code/yii1.1-test/framework/web/CBaseController.php(180): CBaseController->createWidget('bootstrap.widge...', Array)
#3 /mnt/code/yii1.1-test/yii/themes/bootstrap/views/site/index.php(10): CBaseController->widget('bootstrap.widge...', Array)
#4 /mnt/code/yii1.1-test/framework/web/CBaseController.php(126): require('/mnt/code/yii1....')
#5 /mnt/code/yii1.1-test/framework/web/CBaseController.php(95): CBaseController->renderInternal('/mnt/code/yii1....', NULL, true)
#6 /mnt/code/yii1.1-test/framework/web/CController.php(869): CBaseController->renderFile('/mnt/code/yii1....', NULL, true)
#7 /mnt/code/yii1.1-test/framework/web/CController.php(782): CController->renderPartial('index', NULL, true)
#8 /mnt/code/yii1.1-test/yii/protected/controllers/SiteController.php(8): CController->render('index')
#9 /mnt/code/yii1.1-test/framework/web/actions/CInlineAction.php(49): SiteController->actionIndex()
#10 /mnt/code/yii1.1-test/framework/web/CController.php(308): CInlineAction->runWithParams(Array)
#11 /mnt/code/yii1.1-test/framework/web/CController.php(286): CController->runAction(Object(CInlineAction))
#12 /mnt/code/yii1.1-test/framework/web/CController.php(265): CController->runActionWithFilters(Object(CInlineAction), Array)
#13 /mnt/code/yii1.1-test/framework/web/CWebApplication.php(282): CController->run('index')
#14 /mnt/code/yii1.1-test/framework/web/CWebApplication.php(141): CWebApplication->runController('site/index')
#15 /mnt/code/yii1.1-test/framework/base/CApplication.php(184): CWebApplication->processRequest()
#16 /mnt/code/yii1.1-test/yii/index.php(12): CApplication->run()
#17 {main}
REQUEST_URI=/index.php?r=site/index
HTTP_REFERER=http://www.yii1.com/index.php?r=site/login
---
2016/12/08 17:37:03 [error] [exception.CException] CException: Alias "bootstrap.widgets.TbButton" is invalid. Make sure it points to an existing PHP file and the file is readable. in /mnt/code/yii1.1-test/framework/YiiBase.php:323
Stack trace:
#0 /mnt/code/yii1.1-test/framework/web/CWidgetFactory.php(146): YiiBase::import('bootstrap.widge...', true)
#1 /mnt/code/yii1.1-test/framework/web/CBaseController.php(146): CWidgetFactory->createWidget(Object(SiteController), 'bootstrap.widge...', Array)
#2 /mnt/code/yii1.1-test/framework/web/CBaseController.php(180): CBaseController->createWidget('bootstrap.widge...', Array)
#3 /mnt/code/yii1.1-test/yii/themes/bootstrap/views/site/index.php(10): CBaseController->widget('bootstrap.widge...', Array)
#4 /mnt/code/yii1.1-test/framework/web/CBaseController.php(126): require('/mnt/code/yii1....')
#5 /mnt/code/yii1.1-test/framework/web/CBaseController.php(95): CBaseController->renderInternal('/mnt/code/yii1....', NULL, true)
#6 /mnt/code/yii1.1-test/framework/web/CController.php(869): CBaseController->renderFile('/mnt/code/yii1....', NULL, true)
#7 /mnt/code/yii1.1-test/framework/web/CController.php(782): CController->renderPartial('index', NULL, true)
#8 /mnt/code/yii1.1-test/yii/protected/controllers/SiteController.php(8): CController->render('index')
#9 /mnt/code/yii1.1-test/framework/web/actions/CInlineAction.php(49): SiteController->actionIndex()
#10 /mnt/code/yii1.1-test/framework/web/CController.php(308): CInlineAction->runWithParams(Array)
#11 /mnt/code/yii1.1-test/framework/web/CController.php(286): CController->runAction(Object(CInlineAction))
#12 /mnt/code/yii1.1-test/framework/web/CController.php(265): CController->runActionWithFilters(Object(CInlineAction), Array)
#13 /mnt/code/yii1.1-test/framework/web/CWebApplication.php(282): CController->run('index')
#14 /mnt/code/yii1.1-test/framework/web/CWebApplication.php(141): CWebApplication->runController('site/index')
#15 /mnt/code/yii1.1-test/framework/base/CApplication.php(184): CWebApplication->processRequest()
#16 /mnt/code/yii1.1-test/yii/index.php(12): CApplication->run()
#17 {main}
REQUEST_URI=/index.php?r=site/index
HTTP_REFERER=http://www.yii1.com/index.php?r=site/login
---
2016/12/08 17:37:57 [error] [exception.CException] CException: Alias "bootstrap.widgets.TbButton" is invalid. Make sure it points to an existing PHP file and the file is readable. in /mnt/code/yii1.1-test/framework/YiiBase.php:323
Stack trace:
#0 /mnt/code/yii1.1-test/framework/web/CWidgetFactory.php(146): YiiBase::import('bootstrap.widge...', true)
#1 /mnt/code/yii1.1-test/framework/web/CBaseController.php(146): CWidgetFactory->createWidget(Object(SiteController), 'bootstrap.widge...', Array)
#2 /mnt/code/yii1.1-test/framework/web/CBaseController.php(180): CBaseController->createWidget('bootstrap.widge...', Array)
#3 /mnt/code/yii1.1-test/yii/themes/bootstrap/views/site/index.php(10): CBaseController->widget('bootstrap.widge...', Array)
#4 /mnt/code/yii1.1-test/framework/web/CBaseController.php(126): require('/mnt/code/yii1....')
#5 /mnt/code/yii1.1-test/framework/web/CBaseController.php(95): CBaseController->renderInternal('/mnt/code/yii1....', NULL, true)
#6 /mnt/code/yii1.1-test/framework/web/CController.php(869): CBaseController->renderFile('/mnt/code/yii1....', NULL, true)
#7 /mnt/code/yii1.1-test/framework/web/CController.php(782): CController->renderPartial('index', NULL, true)
#8 /mnt/code/yii1.1-test/yii/protected/controllers/SiteController.php(8): CController->render('index')
#9 /mnt/code/yii1.1-test/framework/web/actions/CInlineAction.php(49): SiteController->actionIndex()
#10 /mnt/code/yii1.1-test/framework/web/CController.php(308): CInlineAction->runWithParams(Array)
#11 /mnt/code/yii1.1-test/framework/web/CController.php(286): CController->runAction(Object(CInlineAction))
#12 /mnt/code/yii1.1-test/framework/web/CController.php(265): CController->runActionWithFilters(Object(CInlineAction), Array)
#13 /mnt/code/yii1.1-test/framework/web/CWebApplication.php(282): CController->run('index')
#14 /mnt/code/yii1.1-test/framework/web/CWebApplication.php(141): CWebApplication->runController('site/index')
#15 /mnt/code/yii1.1-test/framework/base/CApplication.php(184): CWebApplication->processRequest()
#16 /mnt/code/yii1.1-test/yii/index.php(12): CApplication->run()
#17 {main}
REQUEST_URI=/index.php?r=site/index
HTTP_REFERER=http://www.yii1.com/index.php?r=site/login
---
2016/12/08 17:37:58 [error] [exception.CException] CException: Alias "bootstrap.widgets.TbButton" is invalid. Make sure it points to an existing PHP file and the file is readable. in /mnt/code/yii1.1-test/framework/YiiBase.php:323
Stack trace:
#0 /mnt/code/yii1.1-test/framework/web/CWidgetFactory.php(146): YiiBase::import('bootstrap.widge...', true)
#1 /mnt/code/yii1.1-test/framework/web/CBaseController.php(146): CWidgetFactory->createWidget(Object(SiteController), 'bootstrap.widge...', Array)
#2 /mnt/code/yii1.1-test/framework/web/CBaseController.php(180): CBaseController->createWidget('bootstrap.widge...', Array)
#3 /mnt/code/yii1.1-test/yii/themes/bootstrap/views/site/index.php(10): CBaseController->widget('bootstrap.widge...', Array)
#4 /mnt/code/yii1.1-test/framework/web/CBaseController.php(126): require('/mnt/code/yii1....')
#5 /mnt/code/yii1.1-test/framework/web/CBaseController.php(95): CBaseController->renderInternal('/mnt/code/yii1....', NULL, true)
#6 /mnt/code/yii1.1-test/framework/web/CController.php(869): CBaseController->renderFile('/mnt/code/yii1....', NULL, true)
#7 /mnt/code/yii1.1-test/framework/web/CController.php(782): CController->renderPartial('index', NULL, true)
#8 /mnt/code/yii1.1-test/yii/protected/controllers/SiteController.php(8): CController->render('index')
#9 /mnt/code/yii1.1-test/framework/web/actions/CInlineAction.php(49): SiteController->actionIndex()
#10 /mnt/code/yii1.1-test/framework/web/CController.php(308): CInlineAction->runWithParams(Array)
#11 /mnt/code/yii1.1-test/framework/web/CController.php(286): CController->runAction(Object(CInlineAction))
#12 /mnt/code/yii1.1-test/framework/web/CController.php(265): CController->runActionWithFilters(Object(CInlineAction), Array)
#13 /mnt/code/yii1.1-test/framework/web/CWebApplication.php(282): CController->run('index')
#14 /mnt/code/yii1.1-test/framework/web/CWebApplication.php(141): CWebApplication->runController('site/index')
#15 /mnt/code/yii1.1-test/framework/base/CApplication.php(184): CWebApplication->processRequest()
#16 /mnt/code/yii1.1-test/yii/index.php(12): CApplication->run()
#17 {main}
REQUEST_URI=/index.php?r=site/index
HTTP_REFERER=http://www.yii1.com/index.php?r=site/login
---
2016/12/08 17:37:58 [error] [exception.CException] CException: Alias "bootstrap.widgets.TbButton" is invalid. Make sure it points to an existing PHP file and the file is readable. in /mnt/code/yii1.1-test/framework/YiiBase.php:323
Stack trace:
#0 /mnt/code/yii1.1-test/framework/web/CWidgetFactory.php(146): YiiBase::import('bootstrap.widge...', true)
#1 /mnt/code/yii1.1-test/framework/web/CBaseController.php(146): CWidgetFactory->createWidget(Object(SiteController), 'bootstrap.widge...', Array)
#2 /mnt/code/yii1.1-test/framework/web/CBaseController.php(180): CBaseController->createWidget('bootstrap.widge...', Array)
#3 /mnt/code/yii1.1-test/yii/themes/bootstrap/views/site/index.php(10): CBaseController->widget('bootstrap.widge...', Array)
#4 /mnt/code/yii1.1-test/framework/web/CBaseController.php(126): require('/mnt/code/yii1....')
#5 /mnt/code/yii1.1-test/framework/web/CBaseController.php(95): CBaseController->renderInternal('/mnt/code/yii1....', NULL, true)
#6 /mnt/code/yii1.1-test/framework/web/CController.php(869): CBaseController->renderFile('/mnt/code/yii1....', NULL, true)
#7 /mnt/code/yii1.1-test/framework/web/CController.php(782): CController->renderPartial('index', NULL, true)
#8 /mnt/code/yii1.1-test/yii/protected/controllers/SiteController.php(8): CController->render('index')
#9 /mnt/code/yii1.1-test/framework/web/actions/CInlineAction.php(49): SiteController->actionIndex()
#10 /mnt/code/yii1.1-test/framework/web/CController.php(308): CInlineAction->runWithParams(Array)
#11 /mnt/code/yii1.1-test/framework/web/CController.php(286): CController->runAction(Object(CInlineAction))
#12 /mnt/code/yii1.1-test/framework/web/CController.php(265): CController->runActionWithFilters(Object(CInlineAction), Array)
#13 /mnt/code/yii1.1-test/framework/web/CWebApplication.php(282): CController->run('index')
#14 /mnt/code/yii1.1-test/framework/web/CWebApplication.php(141): CWebApplication->runController('site/index')
#15 /mnt/code/yii1.1-test/framework/base/CApplication.php(184): CWebApplication->processRequest()
#16 /mnt/code/yii1.1-test/yii/index.php(12): CApplication->run()
#17 {main}
REQUEST_URI=/index.php?r=site/index
HTTP_REFERER=http://www.yii1.com/index.php?r=site/login
---
2016/12/08 17:37:58 [error] [exception.CException] CException: Alias "bootstrap.widgets.TbButton" is invalid. Make sure it points to an existing PHP file and the file is readable. in /mnt/code/yii1.1-test/framework/YiiBase.php:323
Stack trace:
#0 /mnt/code/yii1.1-test/framework/web/CWidgetFactory.php(146): YiiBase::import('bootstrap.widge...', true)
#1 /mnt/code/yii1.1-test/framework/web/CBaseController.php(146): CWidgetFactory->createWidget(Object(SiteController), 'bootstrap.widge...', Array)
#2 /mnt/code/yii1.1-test/framework/web/CBaseController.php(180): CBaseController->createWidget('bootstrap.widge...', Array)
#3 /mnt/code/yii1.1-test/yii/themes/bootstrap/views/site/index.php(10): CBaseController->widget('bootstrap.widge...', Array)
#4 /mnt/code/yii1.1-test/framework/web/CBaseController.php(126): require('/mnt/code/yii1....')
#5 /mnt/code/yii1.1-test/framework/web/CBaseController.php(95): CBaseController->renderInternal('/mnt/code/yii1....', NULL, true)
#6 /mnt/code/yii1.1-test/framework/web/CController.php(869): CBaseController->renderFile('/mnt/code/yii1....', NULL, true)
#7 /mnt/code/yii1.1-test/framework/web/CController.php(782): CController->renderPartial('index', NULL, true)
#8 /mnt/code/yii1.1-test/yii/protected/controllers/SiteController.php(8): CController->render('index')
#9 /mnt/code/yii1.1-test/framework/web/actions/CInlineAction.php(49): SiteController->actionIndex()
#10 /mnt/code/yii1.1-test/framework/web/CController.php(308): CInlineAction->runWithParams(Array)
#11 /mnt/code/yii1.1-test/framework/web/CController.php(286): CController->runAction(Object(CInlineAction))
#12 /mnt/code/yii1.1-test/framework/web/CController.php(265): CController->runActionWithFilters(Object(CInlineAction), Array)
#13 /mnt/code/yii1.1-test/framework/web/CWebApplication.php(282): CController->run('index')
#14 /mnt/code/yii1.1-test/framework/web/CWebApplication.php(141): CWebApplication->runController('site/index')
#15 /mnt/code/yii1.1-test/framework/base/CApplication.php(184): CWebApplication->processRequest()
#16 /mnt/code/yii1.1-test/yii/index.php(12): CApplication->run()
#17 {main}
REQUEST_URI=/index.php?r=site/index
HTTP_REFERER=http://www.yii1.com/index.php?r=site/login
---
2016/12/08 17:37:58 [error] [exception.CException] CException: Alias "bootstrap.widgets.TbButton" is invalid. Make sure it points to an existing PHP file and the file is readable. in /mnt/code/yii1.1-test/framework/YiiBase.php:323
Stack trace:
#0 /mnt/code/yii1.1-test/framework/web/CWidgetFactory.php(146): YiiBase::import('bootstrap.widge...', true)
#1 /mnt/code/yii1.1-test/framework/web/CBaseController.php(146): CWidgetFactory->createWidget(Object(SiteController), 'bootstrap.widge...', Array)
#2 /mnt/code/yii1.1-test/framework/web/CBaseController.php(180): CBaseController->createWidget('bootstrap.widge...', Array)
#3 /mnt/code/yii1.1-test/yii/themes/bootstrap/views/site/index.php(10): CBaseController->widget('bootstrap.widge...', Array)
#4 /mnt/code/yii1.1-test/framework/web/CBaseController.php(126): require('/mnt/code/yii1....')
#5 /mnt/code/yii1.1-test/framework/web/CBaseController.php(95): CBaseController->renderInternal('/mnt/code/yii1....', NULL, true)
#6 /mnt/code/yii1.1-test/framework/web/CController.php(869): CBaseController->renderFile('/mnt/code/yii1....', NULL, true)
#7 /mnt/code/yii1.1-test/framework/web/CController.php(782): CController->renderPartial('index', NULL, true)
#8 /mnt/code/yii1.1-test/yii/protected/controllers/SiteController.php(8): CController->render('index')
#9 /mnt/code/yii1.1-test/framework/web/actions/CInlineAction.php(49): SiteController->actionIndex()
#10 /mnt/code/yii1.1-test/framework/web/CController.php(308): CInlineAction->runWithParams(Array)
#11 /mnt/code/yii1.1-test/framework/web/CController.php(286): CController->runAction(Object(CInlineAction))
#12 /mnt/code/yii1.1-test/framework/web/CController.php(265): CController->runActionWithFilters(Object(CInlineAction), Array)
#13 /mnt/code/yii1.1-test/framework/web/CWebApplication.php(282): CController->run('index')
#14 /mnt/code/yii1.1-test/framework/web/CWebApplication.php(141): CWebApplication->runController('site/index')
#15 /mnt/code/yii1.1-test/framework/base/CApplication.php(184): CWebApplication->processRequest()
#16 /mnt/code/yii1.1-test/yii/index.php(12): CApplication->run()
#17 {main}
REQUEST_URI=/index.php?r=site/index
HTTP_REFERER=http://www.yii1.com/index.php?r=site/login
---
2016/12/08 17:37:58 [error] [exception.CException] CException: Alias "bootstrap.widgets.TbButton" is invalid. Make sure it points to an existing PHP file and the file is readable. in /mnt/code/yii1.1-test/framework/YiiBase.php:323
Stack trace:
#0 /mnt/code/yii1.1-test/framework/web/CWidgetFactory.php(146): YiiBase::import('bootstrap.widge...', true)
#1 /mnt/code/yii1.1-test/framework/web/CBaseController.php(146): CWidgetFactory->createWidget(Object(SiteController), 'bootstrap.widge...', Array)
#2 /mnt/code/yii1.1-test/framework/web/CBaseController.php(180): CBaseController->createWidget('bootstrap.widge...', Array)
#3 /mnt/code/yii1.1-test/yii/themes/bootstrap/views/site/index.php(10): CBaseController->widget('bootstrap.widge...', Array)
#4 /mnt/code/yii1.1-test/framework/web/CBaseController.php(126): require('/mnt/code/yii1....')
#5 /mnt/code/yii1.1-test/framework/web/CBaseController.php(95): CBaseController->renderInternal('/mnt/code/yii1....', NULL, true)
#6 /mnt/code/yii1.1-test/framework/web/CController.php(869): CBaseController->renderFile('/mnt/code/yii1....', NULL, true)
#7 /mnt/code/yii1.1-test/framework/web/CController.php(782): CController->renderPartial('index', NULL, true)
#8 /mnt/code/yii1.1-test/yii/protected/controllers/SiteController.php(8): CController->render('index')
#9 /mnt/code/yii1.1-test/framework/web/actions/CInlineAction.php(49): SiteController->actionIndex()
#10 /mnt/code/yii1.1-test/framework/web/CController.php(308): CInlineAction->runWithParams(Array)
#11 /mnt/code/yii1.1-test/framework/web/CController.php(286): CController->runAction(Object(CInlineAction))
#12 /mnt/code/yii1.1-test/framework/web/CController.php(265): CController->runActionWithFilters(Object(CInlineAction), Array)
#13 /mnt/code/yii1.1-test/framework/web/CWebApplication.php(282): CController->run('index')
#14 /mnt/code/yii1.1-test/framework/web/CWebApplication.php(141): CWebApplication->runController('site/index')
#15 /mnt/code/yii1.1-test/framework/base/CApplication.php(184): CWebApplication->processRequest()
#16 /mnt/code/yii1.1-test/yii/index.php(12): CApplication->run()
#17 {main}
REQUEST_URI=/index.php?r=site/index
HTTP_REFERER=http://www.yii1.com/index.php?r=site/login
---
2016/12/08 17:37:59 [error] [exception.CException] CException: Alias "bootstrap.widgets.TbButton" is invalid. Make sure it points to an existing PHP file and the file is readable. in /mnt/code/yii1.1-test/framework/YiiBase.php:323
Stack trace:
#0 /mnt/code/yii1.1-test/framework/web/CWidgetFactory.php(146): YiiBase::import('bootstrap.widge...', true)
#1 /mnt/code/yii1.1-test/framework/web/CBaseController.php(146): CWidgetFactory->createWidget(Object(SiteController), 'bootstrap.widge...', Array)
#2 /mnt/code/yii1.1-test/framework/web/CBaseController.php(180): CBaseController->createWidget('bootstrap.widge...', Array)
#3 /mnt/code/yii1.1-test/yii/themes/bootstrap/views/site/index.php(10): CBaseController->widget('bootstrap.widge...', Array)
#4 /mnt/code/yii1.1-test/framework/web/CBaseController.php(126): require('/mnt/code/yii1....')
#5 /mnt/code/yii1.1-test/framework/web/CBaseController.php(95): CBaseController->renderInternal('/mnt/code/yii1....', NULL, true)
#6 /mnt/code/yii1.1-test/framework/web/CController.php(869): CBaseController->renderFile('/mnt/code/yii1....', NULL, true)
#7 /mnt/code/yii1.1-test/framework/web/CController.php(782): CController->renderPartial('index', NULL, true)
#8 /mnt/code/yii1.1-test/yii/protected/controllers/SiteController.php(8): CController->render('index')
#9 /mnt/code/yii1.1-test/framework/web/actions/CInlineAction.php(49): SiteController->actionIndex()
#10 /mnt/code/yii1.1-test/framework/web/CController.php(308): CInlineAction->runWithParams(Array)
#11 /mnt/code/yii1.1-test/framework/web/CController.php(286): CController->runAction(Object(CInlineAction))
#12 /mnt/code/yii1.1-test/framework/web/CController.php(265): CController->runActionWithFilters(Object(CInlineAction), Array)
#13 /mnt/code/yii1.1-test/framework/web/CWebApplication.php(282): CController->run('index')
#14 /mnt/code/yii1.1-test/framework/web/CWebApplication.php(141): CWebApplication->runController('site/index')
#15 /mnt/code/yii1.1-test/framework/base/CApplication.php(184): CWebApplication->processRequest()
#16 /mnt/code/yii1.1-test/yii/index.php(12): CApplication->run()
#17 {main}
REQUEST_URI=/index.php?r=site/index
HTTP_REFERER=http://www.yii1.com/index.php?r=site/login
---
2016/12/08 17:41:10 [error] [exception.CException] CException: Alias "bootstrap.widgets.TbButton" is invalid. Make sure it points to an existing PHP file and the file is readable. in /mnt/code/yii1.1-test/framework/YiiBase.php:323
Stack trace:
#0 /mnt/code/yii1.1-test/framework/web/CWidgetFactory.php(146): YiiBase::import('bootstrap.widge...', true)
#1 /mnt/code/yii1.1-test/framework/web/CBaseController.php(146): CWidgetFactory->createWidget(Object(SiteController), 'bootstrap.widge...', Array)
#2 /mnt/code/yii1.1-test/framework/web/CBaseController.php(180): CBaseController->createWidget('bootstrap.widge...', Array)
#3 /mnt/code/yii1.1-test/yii/themes/bootstrap/views/site/index.php(10): CBaseController->widget('bootstrap.widge...', Array)
#4 /mnt/code/yii1.1-test/framework/web/CBaseController.php(126): require('/mnt/code/yii1....')
#5 /mnt/code/yii1.1-test/framework/web/CBaseController.php(95): CBaseController->renderInternal('/mnt/code/yii1....', NULL, true)
#6 /mnt/code/yii1.1-test/framework/web/CController.php(869): CBaseController->renderFile('/mnt/code/yii1....', NULL, true)
#7 /mnt/code/yii1.1-test/framework/web/CController.php(782): CController->renderPartial('index', NULL, true)
#8 /mnt/code/yii1.1-test/yii/protected/controllers/SiteController.php(8): CController->render('index')
#9 /mnt/code/yii1.1-test/framework/web/actions/CInlineAction.php(49): SiteController->actionIndex()
#10 /mnt/code/yii1.1-test/framework/web/CController.php(308): CInlineAction->runWithParams(Array)
#11 /mnt/code/yii1.1-test/framework/web/CController.php(286): CController->runAction(Object(CInlineAction))
#12 /mnt/code/yii1.1-test/framework/web/CController.php(265): CController->runActionWithFilters(Object(CInlineAction), Array)
#13 /mnt/code/yii1.1-test/framework/web/CWebApplication.php(282): CController->run('index')
#14 /mnt/code/yii1.1-test/framework/web/CWebApplication.php(141): CWebApplication->runController('site/index')
#15 /mnt/code/yii1.1-test/framework/base/CApplication.php(184): CWebApplication->processRequest()
#16 /mnt/code/yii1.1-test/yii/index.php(12): CApplication->run()
#17 {main}
REQUEST_URI=/index.php?r=site/index
HTTP_REFERER=http://www.yii1.com/index.php?r=site/login
---
2016/12/08 17:51:16 [error] [exception.CException] CException: Alias "bootstrap.widgets.TbButton" is invalid. Make sure it points to an existing PHP file and the file is readable. in /mnt/code/yii1.1-test/framework/YiiBase.php:323
Stack trace:
#0 /mnt/code/yii1.1-test/framework/web/CWidgetFactory.php(146): YiiBase::import('bootstrap.widge...', true)
#1 /mnt/code/yii1.1-test/framework/web/CBaseController.php(146): CWidgetFactory->createWidget(Object(SiteController), 'bootstrap.widge...', Array)
#2 /mnt/code/yii1.1-test/framework/web/CBaseController.php(180): CBaseController->createWidget('bootstrap.widge...', Array)
#3 /mnt/code/yii1.1-test/yii/themes/bootstrap/views/site/index.php(10): CBaseController->widget('bootstrap.widge...', Array)
#4 /mnt/code/yii1.1-test/framework/web/CBaseController.php(126): require('/mnt/code/yii1....')
#5 /mnt/code/yii1.1-test/framework/web/CBaseController.php(95): CBaseController->renderInternal('/mnt/code/yii1....', NULL, true)
#6 /mnt/code/yii1.1-test/framework/web/CController.php(869): CBaseController->renderFile('/mnt/code/yii1....', NULL, true)
#7 /mnt/code/yii1.1-test/framework/web/CController.php(782): CController->renderPartial('index', NULL, true)
#8 /mnt/code/yii1.1-test/yii/protected/controllers/SiteController.php(8): CController->render('index')
#9 /mnt/code/yii1.1-test/framework/web/actions/CInlineAction.php(49): SiteController->actionIndex()
#10 /mnt/code/yii1.1-test/framework/web/CController.php(308): CInlineAction->runWithParams(Array)
#11 /mnt/code/yii1.1-test/framework/web/CController.php(286): CController->runAction(Object(CInlineAction))
#12 /mnt/code/yii1.1-test/framework/web/CController.php(265): CController->runActionWithFilters(Object(CInlineAction), Array)
#13 /mnt/code/yii1.1-test/framework/web/CWebApplication.php(282): CController->run('index')
#14 /mnt/code/yii1.1-test/framework/web/CWebApplication.php(141): CWebApplication->runController('site/index')
#15 /mnt/code/yii1.1-test/framework/base/CApplication.php(184): CWebApplication->processRequest()
#16 /mnt/code/yii1.1-test/yii/index.php(12): CApplication->run()
#17 {main}
REQUEST_URI=/index.php?r=site/index
HTTP_REFERER=http://www.yii1.com/index.php?r=site/login
---
2016/12/08 17:51:18 [error] [exception.CException] CException: Alias "bootstrap.widgets.TbButton" is invalid. Make sure it points to an existing PHP file and the file is readable. in /mnt/code/yii1.1-test/framework/YiiBase.php:323
Stack trace:
#0 /mnt/code/yii1.1-test/framework/web/CWidgetFactory.php(146): YiiBase::import('bootstrap.widge...', true)
#1 /mnt/code/yii1.1-test/framework/web/CBaseController.php(146): CWidgetFactory->createWidget(Object(SiteController), 'bootstrap.widge...', Array)
#2 /mnt/code/yii1.1-test/framework/web/CBaseController.php(180): CBaseController->createWidget('bootstrap.widge...', Array)
#3 /mnt/code/yii1.1-test/yii/themes/bootstrap/views/site/index.php(10): CBaseController->widget('bootstrap.widge...', Array)
#4 /mnt/code/yii1.1-test/framework/web/CBaseController.php(126): require('/mnt/code/yii1....')
#5 /mnt/code/yii1.1-test/framework/web/CBaseController.php(95): CBaseController->renderInternal('/mnt/code/yii1....', NULL, true)
#6 /mnt/code/yii1.1-test/framework/web/CController.php(869): CBaseController->renderFile('/mnt/code/yii1....', NULL, true)
#7 /mnt/code/yii1.1-test/framework/web/CController.php(782): CController->renderPartial('index', NULL, true)
#8 /mnt/code/yii1.1-test/yii/protected/controllers/SiteController.php(8): CController->render('index')
#9 /mnt/code/yii1.1-test/framework/web/actions/CInlineAction.php(49): SiteController->actionIndex()
#10 /mnt/code/yii1.1-test/framework/web/CController.php(308): CInlineAction->runWithParams(Array)
#11 /mnt/code/yii1.1-test/framework/web/CController.php(286): CController->runAction(Object(CInlineAction))
#12 /mnt/code/yii1.1-test/framework/web/CController.php(265): CController->runActionWithFilters(Object(CInlineAction), Array)
#13 /mnt/code/yii1.1-test/framework/web/CWebApplication.php(282): CController->run('index')
#14 /mnt/code/yii1.1-test/framework/web/CWebApplication.php(141): CWebApplication->runController('site/index')
#15 /mnt/code/yii1.1-test/framework/base/CApplication.php(184): CWebApplication->processRequest()
#16 /mnt/code/yii1.1-test/yii/index.php(12): CApplication->run()
#17 {main}
REQUEST_URI=/index.php?r=site/index
HTTP_REFERER=http://www.yii1.com/index.php?r=site/login
---
2016/12/08 17:51:18 [error] [exception.CException] CException: Alias "bootstrap.widgets.TbButton" is invalid. Make sure it points to an existing PHP file and the file is readable. in /mnt/code/yii1.1-test/framework/YiiBase.php:323
Stack trace:
#0 /mnt/code/yii1.1-test/framework/web/CWidgetFactory.php(146): YiiBase::import('bootstrap.widge...', true)
#1 /mnt/code/yii1.1-test/framework/web/CBaseController.php(146): CWidgetFactory->createWidget(Object(SiteController), 'bootstrap.widge...', Array)
#2 /mnt/code/yii1.1-test/framework/web/CBaseController.php(180): CBaseController->createWidget('bootstrap.widge...', Array)
#3 /mnt/code/yii1.1-test/yii/themes/bootstrap/views/site/index.php(10): CBaseController->widget('bootstrap.widge...', Array)
#4 /mnt/code/yii1.1-test/framework/web/CBaseController.php(126): require('/mnt/code/yii1....')
#5 /mnt/code/yii1.1-test/framework/web/CBaseController.php(95): CBaseController->renderInternal('/mnt/code/yii1....', NULL, true)
#6 /mnt/code/yii1.1-test/framework/web/CController.php(869): CBaseController->renderFile('/mnt/code/yii1....', NULL, true)
#7 /mnt/code/yii1.1-test/framework/web/CController.php(782): CController->renderPartial('index', NULL, true)
#8 /mnt/code/yii1.1-test/yii/protected/controllers/SiteController.php(8): CController->render('index')
#9 /mnt/code/yii1.1-test/framework/web/actions/CInlineAction.php(49): SiteController->actionIndex()
#10 /mnt/code/yii1.1-test/framework/web/CController.php(308): CInlineAction->runWithParams(Array)
#11 /mnt/code/yii1.1-test/framework/web/CController.php(286): CController->runAction(Object(CInlineAction))
#12 /mnt/code/yii1.1-test/framework/web/CController.php(265): CController->runActionWithFilters(Object(CInlineAction), Array)
#13 /mnt/code/yii1.1-test/framework/web/CWebApplication.php(282): CController->run('index')
#14 /mnt/code/yii1.1-test/framework/web/CWebApplication.php(141): CWebApplication->runController('site/index')
#15 /mnt/code/yii1.1-test/framework/base/CApplication.php(184): CWebApplication->processRequest()
#16 /mnt/code/yii1.1-test/yii/index.php(12): CApplication->run()
#17 {main}
REQUEST_URI=/index.php?r=site/index
HTTP_REFERER=http://www.yii1.com/index.php?r=site/login
---
2016/12/08 17:51:19 [error] [exception.CException] CException: Alias "bootstrap.widgets.TbButton" is invalid. Make sure it points to an existing PHP file and the file is readable. in /mnt/code/yii1.1-test/framework/YiiBase.php:323
Stack trace:
#0 /mnt/code/yii1.1-test/framework/web/CWidgetFactory.php(146): YiiBase::import('bootstrap.widge...', true)
#1 /mnt/code/yii1.1-test/framework/web/CBaseController.php(146): CWidgetFactory->createWidget(Object(SiteController), 'bootstrap.widge...', Array)
#2 /mnt/code/yii1.1-test/framework/web/CBaseController.php(180): CBaseController->createWidget('bootstrap.widge...', Array)
#3 /mnt/code/yii1.1-test/yii/themes/bootstrap/views/site/index.php(10): CBaseController->widget('bootstrap.widge...', Array)
#4 /mnt/code/yii1.1-test/framework/web/CBaseController.php(126): require('/mnt/code/yii1....')
#5 /mnt/code/yii1.1-test/framework/web/CBaseController.php(95): CBaseController->renderInternal('/mnt/code/yii1....', NULL, true)
#6 /mnt/code/yii1.1-test/framework/web/CController.php(869): CBaseController->renderFile('/mnt/code/yii1....', NULL, true)
#7 /mnt/code/yii1.1-test/framework/web/CController.php(782): CController->renderPartial('index', NULL, true)
#8 /mnt/code/yii1.1-test/yii/protected/controllers/SiteController.php(8): CController->render('index')
#9 /mnt/code/yii1.1-test/framework/web/actions/CInlineAction.php(49): SiteController->actionIndex()
#10 /mnt/code/yii1.1-test/framework/web/CController.php(308): CInlineAction->runWithParams(Array)
#11 /mnt/code/yii1.1-test/framework/web/CController.php(286): CController->runAction(Object(CInlineAction))
#12 /mnt/code/yii1.1-test/framework/web/CController.php(265): CController->runActionWithFilters(Object(CInlineAction), Array)
#13 /mnt/code/yii1.1-test/framework/web/CWebApplication.php(282): CController->run('index')
#14 /mnt/code/yii1.1-test/framework/web/CWebApplication.php(141): CWebApplication->runController('site/index')
#15 /mnt/code/yii1.1-test/framework/base/CApplication.php(184): CWebApplication->processRequest()
#16 /mnt/code/yii1.1-test/yii/index.php(12): CApplication->run()
#17 {main}
REQUEST_URI=/index.php?r=site/index
HTTP_REFERER=http://www.yii1.com/index.php?r=site/login
---
2016/12/08 18:04:03 [error] [exception.CException] CException: Alias "bootstrap.widgets.TbButton" is invalid. Make sure it points to an existing PHP file and the file is readable. in /mnt/code/yii1.1-test/framework/YiiBase.php:323
Stack trace:
#0 /mnt/code/yii1.1-test/framework/web/CWidgetFactory.php(146): YiiBase::import('bootstrap.widge...', true)
#1 /mnt/code/yii1.1-test/framework/web/CBaseController.php(146): CWidgetFactory->createWidget(Object(SiteController), 'bootstrap.widge...', Array)
#2 /mnt/code/yii1.1-test/framework/web/CBaseController.php(180): CBaseController->createWidget('bootstrap.widge...', Array)
#3 /mnt/code/yii1.1-test/yii/themes/bootstrap/views/site/index.php(10): CBaseController->widget('bootstrap.widge...', Array)
#4 /mnt/code/yii1.1-test/framework/web/CBaseController.php(126): require('/mnt/code/yii1....')
#5 /mnt/code/yii1.1-test/framework/web/CBaseController.php(95): CBaseController->renderInternal('/mnt/code/yii1....', NULL, true)
#6 /mnt/code/yii1.1-test/framework/web/CController.php(869): CBaseController->renderFile('/mnt/code/yii1....', NULL, true)
#7 /mnt/code/yii1.1-test/framework/web/CController.php(782): CController->renderPartial('index', NULL, true)
#8 /mnt/code/yii1.1-test/yii/protected/controllers/SiteController.php(8): CController->render('index')
#9 /mnt/code/yii1.1-test/framework/web/actions/CInlineAction.php(49): SiteController->actionIndex()
#10 /mnt/code/yii1.1-test/framework/web/CController.php(308): CInlineAction->runWithParams(Array)
#11 /mnt/code/yii1.1-test/framework/web/CController.php(286): CController->runAction(Object(CInlineAction))
#12 /mnt/code/yii1.1-test/framework/web/CController.php(265): CController->runActionWithFilters(Object(CInlineAction), Array)
#13 /mnt/code/yii1.1-test/framework/web/CWebApplication.php(282): CController->run('index')
#14 /mnt/code/yii1.1-test/framework/web/CWebApplication.php(141): CWebApplication->runController('site/index')
#15 /mnt/code/yii1.1-test/framework/base/CApplication.php(184): CWebApplication->processRequest()
#16 /mnt/code/yii1.1-test/yii/index.php(12): CApplication->run()
#17 {main}
REQUEST_URI=/index.php?r=site/index
---
2016/12/08 18:04:34 [error] [exception.CException] CException: Alias "bootstrap.widgets.TbButton" is invalid. Make sure it points to an existing PHP file and the file is readable. in /mnt/code/yii1.1-test/framework/YiiBase.php:323
Stack trace:
#0 /mnt/code/yii1.1-test/framework/web/CWidgetFactory.php(146): YiiBase::import('bootstrap.widge...', true)
#1 /mnt/code/yii1.1-test/framework/web/CBaseController.php(146): CWidgetFactory->createWidget(Object(SiteController), 'bootstrap.widge...', Array)
#2 /mnt/code/yii1.1-test/framework/web/CBaseController.php(180): CBaseController->createWidget('bootstrap.widge...', Array)
#3 /mnt/code/yii1.1-test/yii/themes/bootstrap/views/site/index.php(10): CBaseController->widget('bootstrap.widge...', Array)
#4 /mnt/code/yii1.1-test/framework/web/CBaseController.php(126): require('/mnt/code/yii1....')
#5 /mnt/code/yii1.1-test/framework/web/CBaseController.php(95): CBaseController->renderInternal('/mnt/code/yii1....', NULL, true)
#6 /mnt/code/yii1.1-test/framework/web/CController.php(869): CBaseController->renderFile('/mnt/code/yii1....', NULL, true)
#7 /mnt/code/yii1.1-test/framework/web/CController.php(782): CController->renderPartial('index', NULL, true)
#8 /mnt/code/yii1.1-test/yii/protected/controllers/SiteController.php(8): CController->render('index')
#9 /mnt/code/yii1.1-test/framework/web/actions/CInlineAction.php(49): SiteController->actionIndex()
#10 /mnt/code/yii1.1-test/framework/web/CController.php(308): CInlineAction->runWithParams(Array)
#11 /mnt/code/yii1.1-test/framework/web/CController.php(286): CController->runAction(Object(CInlineAction))
#12 /mnt/code/yii1.1-test/framework/web/CController.php(265): CController->runActionWithFilters(Object(CInlineAction), Array)
#13 /mnt/code/yii1.1-test/framework/web/CWebApplication.php(282): CController->run('index')
#14 /mnt/code/yii1.1-test/framework/web/CWebApplication.php(141): CWebApplication->runController('site/index')
#15 /mnt/code/yii1.1-test/framework/base/CApplication.php(184): CWebApplication->processRequest()
#16 /mnt/code/yii1.1-test/yii/index.php(12): CApplication->run()
#17 {main}
REQUEST_URI=/index.php?r=site/index
---
2016/12/08 18:04:40 [error] [exception.CException] CException: Alias "gii.GiiModule" is invalid. Make sure it points to an existing PHP file and the file is readable. in /mnt/code/yii1.1-test/framework/YiiBase.php:323
Stack trace:
#0 /mnt/code/yii1.1-test/framework/YiiBase.php(196): YiiBase::import('gii.GiiModule', true)
#1 /mnt/code/yii1.1-test/framework/base/CModule.php(282): YiiBase::createComponent(Array, 'gii', NULL, Array)
#2 /mnt/code/yii1.1-test/framework/web/CWebApplication.php(337): CModule->getModule('gii')
#3 /mnt/code/yii1.1-test/framework/web/CWebApplication.php(276): CWebApplication->createController('')
#4 /mnt/code/yii1.1-test/framework/web/CWebApplication.php(141): CWebApplication->runController('gii')
#5 /mnt/code/yii1.1-test/framework/base/CApplication.php(184): CWebApplication->processRequest()
#6 /mnt/code/yii1.1-test/yii/index.php(12): CApplication->run()
#7 {main}
REQUEST_URI=/index.php?r=gii
---
2016/12/08 18:06:14 [error] [exception.CException] CException: Alias "gii.GiiModule" is invalid. Make sure it points to an existing PHP file and the file is readable. in /mnt/code/yii1.1-test/framework/YiiBase.php:323
Stack trace:
#0 /mnt/code/yii1.1-test/framework/YiiBase.php(196): YiiBase::import('gii.GiiModule', true)
#1 /mnt/code/yii1.1-test/framework/base/CModule.php(282): YiiBase::createComponent(Array, 'gii', NULL, Array)
#2 /mnt/code/yii1.1-test/framework/web/CWebApplication.php(337): CModule->getModule('gii')
#3 /mnt/code/yii1.1-test/framework/web/CWebApplication.php(276): CWebApplication->createController('')
#4 /mnt/code/yii1.1-test/framework/web/CWebApplication.php(141): CWebApplication->runController('gii')
#5 /mnt/code/yii1.1-test/framework/base/CApplication.php(184): CWebApplication->processRequest()
#6 /mnt/code/yii1.1-test/yii/index.php(12): CApplication->run()
#7 {main}
REQUEST_URI=/index.php?r=gii
---
2016/12/08 18:06:25 [error] [php] scandir() has been disabled for security reasons (/mnt/code/yii1.1-test/framework/gii/GiiModule.php:216)
Stack trace:
#0 /mnt/code/yii1.1-test/framework/base/CModule.php(90): GiiModule->init()
#1 /mnt/code/yii1.1-test/framework/YiiBase.php(206): GiiModule->__construct()
#2 /mnt/code/yii1.1-test/framework/base/CModule.php(282): createComponent()
#3 /mnt/code/yii1.1-test/framework/web/CWebApplication.php(337): CWebApplication->getModule()
#4 /mnt/code/yii1.1-test/framework/web/CWebApplication.php(276): CWebApplication->createController()
#5 /mnt/code/yii1.1-test/framework/web/CWebApplication.php(141): CWebApplication->runController()
#6 /mnt/code/yii1.1-test/framework/base/CApplication.php(184): CWebApplication->processRequest()
#7 /mnt/code/yii1.1-test/yii/index.php(12): CWebApplication->run()
REQUEST_URI=/index.php?r=gii
in /mnt/code/yii1.1-test/yii/index.php (12)
2016/12/08 18:08:30 [error] [php] scandir() has been disabled for security reasons (/mnt/code/yii1.1-test/framework/gii/GiiModule.php:216)
Stack trace:
#0 /mnt/code/yii1.1-test/framework/base/CModule.php(90): GiiModule->init()
#1 /mnt/code/yii1.1-test/framework/YiiBase.php(206): GiiModule->__construct()
#2 /mnt/code/yii1.1-test/framework/base/CModule.php(282): createComponent()
#3 /mnt/code/yii1.1-test/framework/web/CWebApplication.php(337): CWebApplication->getModule()
#4 /mnt/code/yii1.1-test/framework/web/CWebApplication.php(276): CWebApplication->createController()
#5 /mnt/code/yii1.1-test/framework/web/CWebApplication.php(141): CWebApplication->runController()
#6 /mnt/code/yii1.1-test/framework/base/CApplication.php(184): CWebApplication->processRequest()
#7 /mnt/code/yii1.1-test/yii/index.php(12): CWebApplication->run()
REQUEST_URI=/index.php?r=gii
in /mnt/code/yii1.1-test/yii/index.php (12)
2016/12/08 18:08:49 [error] [exception.CHttpException.403] CHttpException: You are not allowed to access this page. in /mnt/code/yii1.1-test/framework/gii/GiiModule.php:170
Stack trace:
#0 /mnt/code/yii1.1-test/framework/web/CController.php(263): GiiModule->beforeControllerAction(Object(DefaultController), Object(CInlineAction))
#1 /mnt/code/yii1.1-test/framework/web/CWebApplication.php(282): CController->run('')
#2 /mnt/code/yii1.1-test/framework/web/CWebApplication.php(141): CWebApplication->runController('gii')
#3 /mnt/code/yii1.1-test/framework/base/CApplication.php(184): CWebApplication->processRequest()
#4 /mnt/code/yii1.1-test/yii/index.php(12): CApplication->run()
#5 {main}
REQUEST_URI=/index.php?r=gii
---
2016/12/08 18:09:16 [error] [exception.CHttpException.403] CHttpException: You are not allowed to access this page. in /mnt/code/yii1.1-test/framework/gii/GiiModule.php:170
Stack trace:
#0 /mnt/code/yii1.1-test/framework/web/CController.php(263): GiiModule->beforeControllerAction(Object(DefaultController), Object(CInlineAction))
#1 /mnt/code/yii1.1-test/framework/web/CWebApplication.php(282): CController->run('')
#2 /mnt/code/yii1.1-test/framework/web/CWebApplication.php(141): CWebApplication->runController('gii')
#3 /mnt/code/yii1.1-test/framework/base/CApplication.php(184): CWebApplication->processRequest()
#4 /mnt/code/yii1.1-test/yii/index.php(12): CApplication->run()
#5 {main}
REQUEST_URI=/index.php?r=gii
---
2016/12/08 18:09:19 [error] [exception.CHttpException.403] CHttpException: You are not allowed to access this page. in /mnt/code/yii1.1-test/framework/gii/GiiModule.php:170
Stack trace:
#0 /mnt/code/yii1.1-test/framework/web/CController.php(263): GiiModule->beforeControllerAction(Object(DefaultController), Object(CInlineAction))
#1 /mnt/code/yii1.1-test/framework/web/CWebApplication.php(282): CController->run('')
#2 /mnt/code/yii1.1-test/framework/web/CWebApplication.php(141): CWebApplication->runController('gii')
#3 /mnt/code/yii1.1-test/framework/base/CApplication.php(184): CWebApplication->processRequest()
#4 /mnt/code/yii1.1-test/yii/index.php(12): CApplication->run()
#5 {main}
REQUEST_URI=/index.php?r=gii
---
2016/12/08 18:09:19 [error] [exception.CHttpException.403] CHttpException: You are not allowed to access this page. in /mnt/code/yii1.1-test/framework/gii/GiiModule.php:170
Stack trace:
#0 /mnt/code/yii1.1-test/framework/web/CController.php(263): GiiModule->beforeControllerAction(Object(DefaultController), Object(CInlineAction))
#1 /mnt/code/yii1.1-test/framework/web/CWebApplication.php(282): CController->run('')
#2 /mnt/code/yii1.1-test/framework/web/CWebApplication.php(141): CWebApplication->runController('gii')
#3 /mnt/code/yii1.1-test/framework/base/CApplication.php(184): CWebApplication->processRequest()
#4 /mnt/code/yii1.1-test/yii/index.php(12): CApplication->run()
#5 {main}
REQUEST_URI=/index.php?r=gii
---
2016/12/08 18:09:19 [error] [exception.CHttpException.403] CHttpException: You are not allowed to access this page. in /mnt/code/yii1.1-test/framework/gii/GiiModule.php:170
Stack trace:
#0 /mnt/code/yii1.1-test/framework/web/CController.php(263): GiiModule->beforeControllerAction(Object(DefaultController), Object(CInlineAction))
#1 /mnt/code/yii1.1-test/framework/web/CWebApplication.php(282): CController->run('')
#2 /mnt/code/yii1.1-test/framework/web/CWebApplication.php(141): CWebApplication->runController('gii')
#3 /mnt/code/yii1.1-test/framework/base/CApplication.php(184): CWebApplication->processRequest()
#4 /mnt/code/yii1.1-test/yii/index.php(12): CApplication->run()
#5 {main}
REQUEST_URI=/index.php?r=gii
---
2016/12/08 18:09:27 [error] [exception.CHttpException.403] CHttpException: You are not allowed to access this page. in /mnt/code/yii1.1-test/framework/gii/GiiModule.php:170
Stack trace:
#0 /mnt/code/yii1.1-test/framework/web/CController.php(263): GiiModule->beforeControllerAction(Object(DefaultController), Object(CInlineAction))
#1 /mnt/code/yii1.1-test/framework/web/CWebApplication.php(282): CController->run('')
#2 /mnt/code/yii1.1-test/framework/web/CWebApplication.php(141): CWebApplication->runController('gii')
#3 /mnt/code/yii1.1-test/framework/base/CApplication.php(184): CWebApplication->processRequest()
#4 /mnt/code/yii1.1-test/yii/index.php(12): CApplication->run()
#5 {main}
REQUEST_URI=/index.php?r=gii
---
2016/12/08 18:09:56 [error] [exception.CHttpException.403] CHttpException: You are not allowed to access this page. in /mnt/code/yii1.1-test/framework/gii/GiiModule.php:170
Stack trace:
#0 /mnt/code/yii1.1-test/framework/web/CController.php(263): GiiModule->beforeControllerAction(Object(DefaultController), Object(CInlineAction))
#1 /mnt/code/yii1.1-test/framework/web/CWebApplication.php(282): CController->run('')
#2 /mnt/code/yii1.1-test/framework/web/CWebApplication.php(141): CWebApplication->runController('gii')
#3 /mnt/code/yii1.1-test/framework/base/CApplication.php(184): CWebApplication->processRequest()
#4 /mnt/code/yii1.1-test/yii/index.php(12): CApplication->run()
#5 {main}
REQUEST_URI=/index.php?r=gii
---
2016/12/08 18:10:44 [error] [exception.CHttpException.403] CHttpException: You are not allowed to access this page. in /mnt/code/yii1.1-test/framework/gii/GiiModule.php:170
Stack trace:
#0 /mnt/code/yii1.1-test/framework/web/CController.php(263): GiiModule->beforeControllerAction(Object(DefaultController), Object(CInlineAction))
#1 /mnt/code/yii1.1-test/framework/web/CWebApplication.php(282): CController->run('')
#2 /mnt/code/yii1.1-test/framework/web/CWebApplication.php(141): CWebApplication->runController('gii')
#3 /mnt/code/yii1.1-test/framework/base/CApplication.php(184): CWebApplication->processRequest()
#4 /mnt/code/yii1.1-test/yii/index.php(12): CApplication->run()
#5 {main}
REQUEST_URI=/index.php?r=gii
---
2016/12/08 18:10:45 [error] [exception.CHttpException.403] CHttpException: You are not allowed to access this page. in /mnt/code/yii1.1-test/framework/gii/GiiModule.php:170
Stack trace:
#0 /mnt/code/yii1.1-test/framework/web/CController.php(263): GiiModule->beforeControllerAction(Object(DefaultController), Object(CInlineAction))
#1 /mnt/code/yii1.1-test/framework/web/CWebApplication.php(282): CController->run('')
#2 /mnt/code/yii1.1-test/framework/web/CWebApplication.php(141): CWebApplication->runController('gii')
#3 /mnt/code/yii1.1-test/framework/base/CApplication.php(184): CWebApplication->processRequest()
#4 /mnt/code/yii1.1-test/yii/index.php(12): CApplication->run()
#5 {main}
REQUEST_URI=/index.php?r=gii
---
2016/12/08 18:10:45 [error] [exception.CHttpException.403] CHttpException: You are not allowed to access this page. in /mnt/code/yii1.1-test/framework/gii/GiiModule.php:170
Stack trace:
#0 /mnt/code/yii1.1-test/framework/web/CController.php(263): GiiModule->beforeControllerAction(Object(DefaultController), Object(CInlineAction))
#1 /mnt/code/yii1.1-test/framework/web/CWebApplication.php(282): CController->run('')
#2 /mnt/code/yii1.1-test/framework/web/CWebApplication.php(141): CWebApplication->runController('gii')
#3 /mnt/code/yii1.1-test/framework/base/CApplication.php(184): CWebApplication->processRequest()
#4 /mnt/code/yii1.1-test/yii/index.php(12): CApplication->run()
#5 {main}
REQUEST_URI=/index.php?r=gii
---
2016/12/08 18:12:15 [error] [exception.CHttpException.403] CHttpException: You are not allowed to access this page. in /mnt/code/yii1.1-test/framework/gii/GiiModule.php:170
Stack trace:
#0 /mnt/code/yii1.1-test/framework/web/CController.php(263): GiiModule->beforeControllerAction(Object(DefaultController), Object(CInlineAction))
#1 /mnt/code/yii1.1-test/framework/web/CWebApplication.php(282): CController->run('')
#2 /mnt/code/yii1.1-test/framework/web/CWebApplication.php(141): CWebApplication->runController('gii')
#3 /mnt/code/yii1.1-test/framework/base/CApplication.php(184): CWebApplication->processRequest()
#4 /mnt/code/yii1.1-test/yii/index.php(12): CApplication->run()
#5 {main}
REQUEST_URI=/index.php?r=gii
---
2016/12/08 18:12:16 [error] [exception.CHttpException.403] CHttpException: You are not allowed to access this page. in /mnt/code/yii1.1-test/framework/gii/GiiModule.php:170
Stack trace:
#0 /mnt/code/yii1.1-test/framework/web/CController.php(263): GiiModule->beforeControllerAction(Object(DefaultController), Object(CInlineAction))
#1 /mnt/code/yii1.1-test/framework/web/CWebApplication.php(282): CController->run('')
#2 /mnt/code/yii1.1-test/framework/web/CWebApplication.php(141): CWebApplication->runController('gii')
#3 /mnt/code/yii1.1-test/framework/base/CApplication.php(184): CWebApplication->processRequest()
#4 /mnt/code/yii1.1-test/yii/index.php(12): CApplication->run()
#5 {main}
REQUEST_URI=/index.php?r=gii
---
2016/12/08 18:12:17 [error] [exception.CHttpException.403] CHttpException: You are not allowed to access this page. in /mnt/code/yii1.1-test/framework/gii/GiiModule.php:170
Stack trace:
#0 /mnt/code/yii1.1-test/framework/web/CController.php(263): GiiModule->beforeControllerAction(Object(DefaultController), Object(CInlineAction))
#1 /mnt/code/yii1.1-test/framework/web/CWebApplication.php(282): CController->run('')
#2 /mnt/code/yii1.1-test/framework/web/CWebApplication.php(141): CWebApplication->runController('gii')
#3 /mnt/code/yii1.1-test/framework/base/CApplication.php(184): CWebApplication->processRequest()
#4 /mnt/code/yii1.1-test/yii/index.php(12): CApplication->run()
#5 {main}
REQUEST_URI=/index.php?r=gii
---
2016/12/08 18:12:17 [error] [exception.CHttpException.403] CHttpException: You are not allowed to access this page. in /mnt/code/yii1.1-test/framework/gii/GiiModule.php:170
Stack trace:
#0 /mnt/code/yii1.1-test/framework/web/CController.php(263): GiiModule->beforeControllerAction(Object(DefaultController), Object(CInlineAction))
#1 /mnt/code/yii1.1-test/framework/web/CWebApplication.php(282): CController->run('')
#2 /mnt/code/yii1.1-test/framework/web/CWebApplication.php(141): CWebApplication->runController('gii')
#3 /mnt/code/yii1.1-test/framework/base/CApplication.php(184): CWebApplication->processRequest()
#4 /mnt/code/yii1.1-test/yii/index.php(12): CApplication->run()
#5 {main}
REQUEST_URI=/index.php?r=gii
---
2016/12/08 18:12:17 [error] [exception.CHttpException.403] CHttpException: You are not allowed to access this page. in /mnt/code/yii1.1-test/framework/gii/GiiModule.php:170
Stack trace:
#0 /mnt/code/yii1.1-test/framework/web/CController.php(263): GiiModule->beforeControllerAction(Object(DefaultController), Object(CInlineAction))
#1 /mnt/code/yii1.1-test/framework/web/CWebApplication.php(282): CController->run('')
#2 /mnt/code/yii1.1-test/framework/web/CWebApplication.php(141): CWebApplication->runController('gii')
#3 /mnt/code/yii1.1-test/framework/base/CApplication.php(184): CWebApplication->processRequest()
#4 /mnt/code/yii1.1-test/yii/index.php(12): CApplication->run()
#5 {main}
REQUEST_URI=/index.php?r=gii
---
2016/12/08 18:12:17 [error] [exception.CHttpException.403] CHttpException: You are not allowed to access this page. in /mnt/code/yii1.1-test/framework/gii/GiiModule.php:170
Stack trace:
#0 /mnt/code/yii1.1-test/framework/web/CController.php(263): GiiModule->beforeControllerAction(Object(DefaultController), Object(CInlineAction))
#1 /mnt/code/yii1.1-test/framework/web/CWebApplication.php(282): CController->run('')
#2 /mnt/code/yii1.1-test/framework/web/CWebApplication.php(141): CWebApplication->runController('gii')
#3 /mnt/code/yii1.1-test/framework/base/CApplication.php(184): CWebApplication->processRequest()
#4 /mnt/code/yii1.1-test/yii/index.php(12): CApplication->run()
#5 {main}
REQUEST_URI=/index.php?r=gii
---
2016/12/08 18:12:17 [error] [exception.CHttpException.403] CHttpException: You are not allowed to access this page. in /mnt/code/yii1.1-test/framework/gii/GiiModule.php:170
Stack trace:
#0 /mnt/code/yii1.1-test/framework/web/CController.php(263): GiiModule->beforeControllerAction(Object(DefaultController), Object(CInlineAction))
#1 /mnt/code/yii1.1-test/framework/web/CWebApplication.php(282): CController->run('')
#2 /mnt/code/yii1.1-test/framework/web/CWebApplication.php(141): CWebApplication->runController('gii')
#3 /mnt/code/yii1.1-test/framework/base/CApplication.php(184): CWebApplication->processRequest()
#4 /mnt/code/yii1.1-test/yii/index.php(12): CApplication->run()
#5 {main}
REQUEST_URI=/index.php?r=gii
---
2016/12/08 18:12:18 [error] [exception.CHttpException.403] CHttpException: You are not allowed to access this page. in /mnt/code/yii1.1-test/framework/gii/GiiModule.php:170
Stack trace:
#0 /mnt/code/yii1.1-test/framework/web/CController.php(263): GiiModule->beforeControllerAction(Object(DefaultController), Object(CInlineAction))
#1 /mnt/code/yii1.1-test/framework/web/CWebApplication.php(282): CController->run('')
#2 /mnt/code/yii1.1-test/framework/web/CWebApplication.php(141): CWebApplication->runController('gii')
#3 /mnt/code/yii1.1-test/framework/base/CApplication.php(184): CWebApplication->processRequest()
#4 /mnt/code/yii1.1-test/yii/index.php(12): CApplication->run()
#5 {main}
REQUEST_URI=/index.php?r=gii
---
2016/12/08 18:12:26 [error] [exception.CHttpException.403] CHttpException: You are not allowed to access this page. in /mnt/code/yii1.1-test/framework/gii/GiiModule.php:170
Stack trace:
#0 /mnt/code/yii1.1-test/framework/web/CController.php(263): GiiModule->beforeControllerAction(Object(DefaultController), Object(CInlineAction))
#1 /mnt/code/yii1.1-test/framework/web/CWebApplication.php(282): CController->run('')
#2 /mnt/code/yii1.1-test/framework/web/CWebApplication.php(141): CWebApplication->runController('gii')
#3 /mnt/code/yii1.1-test/framework/base/CApplication.php(184): CWebApplication->processRequest()
#4 /mnt/code/yii1.1-test/yii/index.php(12): CApplication->run()
#5 {main}
REQUEST_URI=/index.php?r=gii
---
2016/12/08 18:12:27 [error] [exception.CHttpException.403] CHttpException: You are not allowed to access this page. in /mnt/code/yii1.1-test/framework/gii/GiiModule.php:170
Stack trace:
#0 /mnt/code/yii1.1-test/framework/web/CController.php(263): GiiModule->beforeControllerAction(Object(DefaultController), Object(CInlineAction))
#1 /mnt/code/yii1.1-test/framework/web/CWebApplication.php(282): CController->run('')
#2 /mnt/code/yii1.1-test/framework/web/CWebApplication.php(141): CWebApplication->runController('gii')
#3 /mnt/code/yii1.1-test/framework/base/CApplication.php(184): CWebApplication->processRequest()
#4 /mnt/code/yii1.1-test/yii/index.php(12): CApplication->run()
#5 {main}
REQUEST_URI=/index.php?r=gii
---
2016/12/08 18:12:27 [error] [exception.CHttpException.403] CHttpException: You are not allowed to access this page. in /mnt/code/yii1.1-test/framework/gii/GiiModule.php:170
Stack trace:
#0 /mnt/code/yii1.1-test/framework/web/CController.php(263): GiiModule->beforeControllerAction(Object(DefaultController), Object(CInlineAction))
#1 /mnt/code/yii1.1-test/framework/web/CWebApplication.php(282): CController->run('')
#2 /mnt/code/yii1.1-test/framework/web/CWebApplication.php(141): CWebApplication->runController('gii')
#3 /mnt/code/yii1.1-test/framework/base/CApplication.php(184): CWebApplication->processRequest()
#4 /mnt/code/yii1.1-test/yii/index.php(12): CApplication->run()
#5 {main}
REQUEST_URI=/index.php?r=gii
---
2016/12/08 18:12:27 [error] [exception.CHttpException.403] CHttpException: You are not allowed to access this page. in /mnt/code/yii1.1-test/framework/gii/GiiModule.php:170
Stack trace:
#0 /mnt/code/yii1.1-test/framework/web/CController.php(263): GiiModule->beforeControllerAction(Object(DefaultController), Object(CInlineAction))
#1 /mnt/code/yii1.1-test/framework/web/CWebApplication.php(282): CController->run('')
#2 /mnt/code/yii1.1-test/framework/web/CWebApplication.php(141): CWebApplication->runController('gii')
#3 /mnt/code/yii1.1-test/framework/base/CApplication.php(184): CWebApplication->processRequest()
#4 /mnt/code/yii1.1-test/yii/index.php(12): CApplication->run()
#5 {main}
REQUEST_URI=/index.php?r=gii
---
